2026-04-16 11:29:25.596 +03:00 [INF] HTTP GET / responded 404 in 292.2118 ms
2026-04-16 11:32:27.844 +03:00 [INF] HTTP GET /swagger-ui/index.html responded 404 in 1.6303 ms
2026-04-16 11:32:47.049 +03:00 [INF] HTTP GET /http://localhost:5097/swagger/index.html responded 404 in 68.4452 ms
2026-04-16 11:32:59.455 +03:00 [INF] HTTP GET /swagger/index.html responded 200 in 877.5648 ms
2026-04-16 11:32:59.567 +03:00 [INF] HTTP GET /swagger/index.js responded 200 in 0.7347 ms
2026-04-16 11:33:00.058 +03:00 [INF] HTTP GET /swagger/index.css responded 200 in 491.2243 ms
2026-04-16 11:33:00.070 +03:00 [INF] HTTP GET /swagger/swagger-ui-standalone-preset.js responded 200 in 503.6354 ms
2026-04-16 11:33:00.070 +03:00 [INF] HTTP GET /swagger/swagger-ui.css responded 200 in 503.6408 ms
2026-04-16 11:33:00.077 +03:00 [INF] HTTP GET /swagger/swagger-ui-bundle.js responded 200 in 510.0329 ms
2026-04-16 11:33:00.824 +03:00 [INF] HTTP GET /swagger/v1/swagger.json responded 200 in 247.5837 ms
2026-04-16 11:33:00.837 +03:00 [INF] HTTP GET /swagger/favicon-32x32.png responded 200 in 1.2757 ms
2026-04-16 11:35:09.544 +03:00 [WRN] You do not have a valid license key for the Lucky Penny software MediatR. This is allowed for development and testing scenarios. If you are running in production you are required to have a licensed version. Please visit https://luckypennysoftware.com to obtain a valid license.
2026-04-16 11:35:10.609 +03:00 [INF] Handling request GetProductByIdQuery with payload {"Id":"b6a0ef36-fbd3-40b6-9940-e581907aef18","$type":"GetProductByIdQuery"}
2026-04-16 11:37:23.325 +03:00 [ERR] Unhandled exception occurred while processing /api/v1/Products/b6a0ef36-fbd3-40b6-9940-e581907aef18
System.InvalidOperationException: No suitable constructor was found for the type 'Email'. The following constructors had parameters that could not be bound to properties of the type: 
    Cannot bind 'value' in 'Email(string value)'
    Cannot bind 'original' in 'Email(Email original)'
Note that only mapped properties can be bound to constructor parameters. Navigations to related entities, including references to owned types, cannot be bound.
   at Microsoft.EntityFrameworkCore.Metadata.Internal.ConstructorBindingFactory.GetBindings[T](T type, Func`5 bindToProperty, Func`5 bind, InstantiationBinding& constructorBinding, InstantiationBinding& serviceOnlyBinding)
   at Microsoft.EntityFrameworkCore.Metadata.Internal.ConstructorBindingFactory.GetBindings(IConventionEntityType entityType, InstantiationBinding& constructorBinding, InstantiationBinding& serviceOnlyBinding)
   at Microsoft.EntityFrameworkCore.Metadata.Conventions.ConstructorBindingConvention.ProcessModelFinalizing(IConventionModelBuilder modelBuilder, IConventionContext`1 context)
   at Microsoft.EntityFrameworkCore.Metadata.Conventions.Internal.ConventionDispatcher.ImmediateConventionScope.OnModelFinalizing(IConventionModelBuilder modelBuilder)
   at Microsoft.EntityFrameworkCore.Metadata.Conventions.Internal.ConventionDispatcher.OnModelFinalizing(IConventionModelBuilder modelBuilder)
   at Microsoft.EntityFrameworkCore.Metadata.Internal.Model.FinalizeModel()
   at Microsoft.EntityFrameworkCore.Infrastructure.ModelRuntimeInitializer.Initialize(IModel model, Boolean designTime, IDiagnosticsLogger`1 validationLogger)
   at Microsoft.EntityFrameworkCore.Infrastructure.ModelSource.CreateModel(DbContext context, ModelCreationDependencies modelCreationDependencies, Boolean designTime)
   at Microsoft.EntityFrameworkCore.Infrastructure.ModelSource.GetModel(DbContext context, ModelCreationDependencies modelCreationDependencies, Boolean designTime)
   at Microsoft.EntityFrameworkCore.Internal.DbContextServices.CreateModel(Boolean designTime)
   at Microsoft.EntityFrameworkCore.Internal.DbContextServices.get_Model()
   at Microsoft.EntityFrameworkCore.Infrastructure.EntityFrameworkServicesBuilder.<>c.<TryAddCoreServices>b__8_4(IServiceProvider p)
   at Microsoft.Extensions.DependencyInjection.ServiceLookup.CallSiteVisitor`2.VisitCallSiteMain(ServiceCallSite callSite, TArgument argument)
   at Microsoft.Extensions.DependencyInjection.ServiceLookup.CallSiteRuntimeResolver.VisitCache(ServiceCallSite callSite, RuntimeResolverContext context, ServiceProviderEngineScope serviceProviderEngine, RuntimeResolverLock lockType)
   at Microsoft.Extensions.DependencyInjection.ServiceLookup.CallSiteRuntimeResolver.VisitScopeCache(ServiceCallSite callSite, RuntimeResolverContext context)
   at Microsoft.Extensions.DependencyInjection.ServiceLookup.CallSiteVisitor`2.VisitCallSite(ServiceCallSite callSite, TArgument argument)
   at Microsoft.Extensions.DependencyInjection.ServiceLookup.CallSiteVisitor`2.VisitCallSiteMain(ServiceCallSite callSite, TArgument argument)
   at Microsoft.Extensions.DependencyInjection.ServiceLookup.CallSiteRuntimeResolver.VisitCache(ServiceCallSite callSite, RuntimeResolverContext context, ServiceProviderEngineScope serviceProviderEngine, RuntimeResolverLock lockType)
   at Microsoft.Extensions.DependencyInjection.ServiceLookup.CallSiteRuntimeResolver.VisitScopeCache(ServiceCallSite callSite, RuntimeResolverContext context)
   at Microsoft.Extensions.DependencyInjection.ServiceLookup.CallSiteVisitor`2.VisitCallSite(ServiceCallSite callSite, TArgument argument)
   at Microsoft.Extensions.DependencyInjection.ServiceLookup.CallSiteVisitor`2.VisitCallSiteMain(ServiceCallSite callSite, TArgument argument)
   at Microsoft.Extensions.DependencyInjection.ServiceLookup.CallSiteRuntimeResolver.VisitCache(ServiceCallSite callSite, RuntimeResolverContext context, ServiceProviderEngineScope serviceProviderEngine, RuntimeResolverLock lockType)
   at Microsoft.Extensions.DependencyInjection.ServiceLookup.CallSiteRuntimeResolver.VisitScopeCache(ServiceCallSite callSite, RuntimeResolverContext context)
   at Microsoft.Extensions.DependencyInjection.ServiceLookup.CallSiteVisitor`2.VisitCallSite(ServiceCallSite callSite, TArgument argument)
   at Microsoft.Extensions.DependencyInjection.ServiceLookup.CallSiteVisitor`2.VisitCallSiteMain(ServiceCallSite callSite, TArgument argument)
   at Microsoft.Extensions.DependencyInjection.ServiceLookup.CallSiteRuntimeResolver.VisitCache(ServiceCallSite callSite, RuntimeResolverContext context, ServiceProviderEngineScope serviceProviderEngine, RuntimeResolverLock lockType)
   at Microsoft.Extensions.DependencyInjection.ServiceLookup.CallSiteRuntimeResolver.VisitScopeCache(ServiceCallSite callSite, RuntimeResolverContext context)
   at Microsoft.Extensions.DependencyInjection.ServiceLookup.CallSiteVisitor`2.VisitCallSite(ServiceCallSite callSite, TArgument argument)
   at Microsoft.Extensions.DependencyInjection.ServiceLookup.CallSiteVisitor`2.VisitCallSiteMain(ServiceCallSite callSite, TArgument argument)
   at Microsoft.Extensions.DependencyInjection.ServiceLookup.CallSiteRuntimeResolver.VisitCache(ServiceCallSite callSite, RuntimeResolverContext context, ServiceProviderEngineScope serviceProviderEngine, RuntimeResolverLock lockType)
   at Microsoft.Extensions.DependencyInjection.ServiceLookup.CallSiteRuntimeResolver.VisitScopeCache(ServiceCallSite callSite, RuntimeResolverContext context)
   at Microsoft.Extensions.DependencyInjection.ServiceLookup.CallSiteVisitor`2.VisitCallSite(ServiceCallSite callSite, TArgument argument)
   at Microsoft.Extensions.DependencyInjection.ServiceLookup.CallSiteVisitor`2.VisitCallSiteMain(ServiceCallSite callSite, TArgument argument)
   at Microsoft.Extensions.DependencyInjection.ServiceLookup.CallSiteRuntimeResolver.VisitCache(ServiceCallSite callSite, RuntimeResolverContext context, ServiceProviderEngineScope serviceProviderEngine, RuntimeResolverLock lockType)
   at Microsoft.Extensions.DependencyInjection.ServiceLookup.CallSiteRuntimeResolver.VisitScopeCache(ServiceCallSite callSite, RuntimeResolverContext context)
   at Microsoft.Extensions.DependencyInjection.ServiceLookup.CallSiteVisitor`2.VisitCallSite(ServiceCallSite callSite, TArgument argument)
   at Microsoft.Extensions.DependencyInjection.ServiceLookup.CallSiteRuntimeResolver.Resolve(ServiceCallSite callSite, ServiceProviderEngineScope scope)
   at Microsoft.Extensions.DependencyInjection.ServiceLookup.DynamicServiceProviderEngine.<>c__DisplayClass2_0.<RealizeService>b__0(ServiceProviderEngineScope scope)
   at Microsoft.Extensions.DependencyInjection.ServiceLookup.ServiceProviderEngineScope.GetService(Type serviceType)
   at Microsoft.Extensions.DependencyInjection.ServiceProviderServiceExtensions.GetRequiredService[T](IServiceProvider provider)
   at Microsoft.EntityFrameworkCore.DbContext.get_DbContextDependencies()
   at Microsoft.EntityFrameworkCore.DbContext.get_ContextServices()
   at Microsoft.EntityFrameworkCore.DbContext.get_InternalServiceProvider()
   at Microsoft.EntityFrameworkCore.DbContext.get_DbContextDependencies()
   at Microsoft.EntityFrameworkCore.DbContext.Set[TEntity]()
   at Alphabet.Infrastructure.Persistence.Repositories.Repository`1.GetByIdAsync(Guid id, CancellationToken cancellationToken) in C:\Users\moinc\OneDrive\Documents\New project\src\Core\Alphabet.Infrastructure\Persistence\Repositories\Repository.cs:line 18
   at Alphabet.Application.Features.Products.Queries.GetProductById.GetProductByIdQueryHandler.Handle(GetProductByIdQuery request, CancellationToken cancellationToken) in C:\Users\moinc\OneDrive\Documents\New project\src\Core\Alphabet.Application\Features\Products\Queries\GetProductById\GetProductByIdQueryHandler.cs:line 20
   at Alphabet.Application.Common.Behaviors.LoggingBehavior`2.Handle(TRequest request, RequestHandlerDelegate`1 next, CancellationToken cancellationToken) in C:\Users\moinc\OneDrive\Documents\New project\src\Core\Alphabet.Application\Common\Behaviors\LoggingBehavior.cs:line 24
   at Alphabet.Application.Common.Behaviors.ValidationBehavior`2.Handle(TRequest request, RequestHandlerDelegate`1 next, CancellationToken cancellationToken) in C:\Users\moinc\OneDrive\Documents\New project\src\Core\Alphabet.Application\Common\Behaviors\ValidationBehavior.cs:line 24
   at Alphabet.AppWire.Controllers.v1.ProductsController.GetById(Guid id, CancellationToken cancellationToken) in C:\Users\moinc\OneDrive\Documents\New project\src\Gateway\Alphabet.AppWire\Controllers\v1\ProductsController.cs:line 47
   at Microsoft.AspNetCore.Mvc.Infrastructure.ActionMethodExecutor.TaskOfIActionResultExecutor.Execute(ActionContext actionContext, IActionResultTypeMapper mapper, ObjectMethodExecutor executor, Object controller, Object[] arguments)
   at Microsoft.AspNetCore.Mvc.Infrastructure.ControllerActionInvoker.<InvokeActionMethodAsync>g__Logged|12_1(ControllerActionInvoker invoker)
   at Microsoft.AspNetCore.Mvc.Infrastructure.ControllerActionInvoker.<InvokeNextActionFilterAsync>g__Awaited|10_0(ControllerActionInvoker invoker, Task lastTask, State next, Scope scope, Object state, Boolean isCompleted)
   at Microsoft.AspNetCore.Mvc.Infrastructure.ControllerActionInvoker.Rethrow(ActionExecutedContextSealed context)
   at Microsoft.AspNetCore.Mvc.Infrastructure.ControllerActionInvoker.Next(State& next, Scope& scope, Object& state, Boolean& isCompleted)
   at Microsoft.AspNetCore.Mvc.Infrastructure.ControllerActionInvoker.InvokeInnerFilterAsync()
--- End of stack trace from previous location ---
   at Microsoft.AspNetCore.Mvc.Infrastructure.ResourceInvoker.<InvokeFilterPipelineAsync>g__Awaited|20_0(ResourceInvoker invoker, Task lastTask, State next, Scope scope, Object state, Boolean isCompleted)
   at Microsoft.AspNetCore.Mvc.Infrastructure.ResourceInvoker.<InvokeAsync>g__Logged|17_1(ResourceInvoker invoker)
   at Microsoft.AspNetCore.Mvc.Infrastructure.ResourceInvoker.<InvokeAsync>g__Logged|17_1(ResourceInvoker invoker)
   at Swashbuckle.AspNetCore.SwaggerUI.SwaggerUIMiddleware.Invoke(HttpContext httpContext)
   at Swashbuckle.AspNetCore.Swagger.SwaggerMiddleware.Invoke(HttpContext httpContext, ISwaggerProvider swaggerProvider)
   at Microsoft.AspNetCore.Authorization.AuthorizationMiddleware.Invoke(HttpContext context)
   at Microsoft.AspNetCore.Authentication.AuthenticationMiddleware.Invoke(HttpContext context)
   at Alphabet.AppWire.Middleware.GlobalExceptionMiddleware.InvokeAsync(HttpContext context) in C:\Users\moinc\OneDrive\Documents\New project\src\Gateway\Alphabet.AppWire\Middleware\GlobalExceptionMiddleware.cs:line 19
2026-04-16 11:37:24.216 +03:00 [ERR] HTTP GET /api/v1/Products/b6a0ef36-fbd3-40b6-9940-e581907aef18 responded 500 in 135284.0117 ms
